生成启动时间为 2020/4/3 15:16:42。
     1>项目“C:\Users\asus\Desktop\bite (1)\从零实现高并发的内存池\从零实现高并发的内存池\从零实现高并发的内存池.vcxproj”在节点 2 上(Build 个目标)。
     1>ClCompile:
         F:\vs2013\VC\bin\CL.exe /c /Zi /nologo /W3 /WX- /sdl /O2 /Oi /Oy- /GL /D _UNICODE /D UNICODE /Gm- /EHsc /MD /GS /Gy /fp:precise /Zc:wchar_t /Zc:forScope /Fo"Release\\" /Fd"Release\vc120.pdb" /Gd /TP /analyze- /errorReport:prompt BnechMark.cpp CentralCache.cpp PageCache.cpp ThreadCache.cpp unitTest.cpp
         BnechMark.cpp
         CentralCache.cpp
         PageCache.cpp
         ThreadCache.cpp
         unitTest.cpp
       Link:
         F:\vs2013\VC\bin\link.exe /ERRORREPORT:PROMPT /OUT:"C:\Users\asus\Desktop\bite (1)\从零实现高并发的内存池\Release\从零实现高并发的内存池.exe" /NOLOGO kernel32.lib user32.lib gdi32.lib winspool.lib comdlg32.lib advapi32.lib shell32.lib ole32.lib oleaut32.lib uuid.lib odbc32.lib odbccp32.lib /MANIFEST /MANIFESTUAC:"level='asInvoker' uiAccess='false'" /manifest:embed /DEBUG /PDB:"C:\Users\asus\Desktop\bite (1)\从零实现高并发的内存池\Release\从零实现高并发的内存池.pdb" /OPT:REF /OPT:ICF /LTCG /TLBID:1 /DYNAMICBASE /NXCOMPAT /IMPLIB:"C:\Users\asus\Desktop\bite (1)\从零实现高并发的内存池\Release\从零实现高并发的内存池.lib" /MACHINE:X86 /SAFESEH Release\BnechMark.obj
         Release\CentralCache.obj
         Release\PageCache.obj
         Release\unitTest.obj
         Release\ThreadCache.obj
         正在生成代码
         已完成代码的生成
         从零实现高并发的内存池.vcxproj -> C:\Users\asus\Desktop\bite (1)\从零实现高并发的内存池\Release\从零实现高并发的内存池.exe
     1>已完成生成项目“C:\Users\asus\Desktop\bite (1)\从零实现高并发的内存池\从零实现高并发的内存池\从零实现高并发的内存池.vcxproj”(Build 个目标)的操作。

生成成功。

已用时间 00:00:08.07
