c:\users\asus\desktop\bite (1)\从零实现高并发的内存池\从零实现高并发的内存池\debug\vc120.pdb
c:\users\asus\desktop\bite (1)\从零实现高并发的内存池\从零实现高并发的内存池\debug\vc120.idb
c:\users\asus\desktop\bite (1)\从零实现高并发的内存池\从零实现高并发的内存池\debug\centralcache.obj
c:\users\asus\desktop\bite (1)\从零实现高并发的内存池\从零实现高并发的内存池\debug\pagecache.obj
c:\users\asus\desktop\bite (1)\从零实现高并发的内存池\从零实现高并发的内存池\debug\test.obj
c:\users\asus\desktop\bite (1)\从零实现高并发的内存池\从零实现高并发的内存池\debug\threadcache.obj
c:\users\asus\desktop\bite (1)\从零实现高并发的内存池\从零实现高并发的内存池\debug\bnechmark.obj
c:\users\asus\desktop\bite (1)\从零实现高并发的内存池\从零实现高并发的内存池\debug\unittest.obj
c:\users\asus\desktop\bite (1)\从零实现高并发的内存池\debug\从零实现高并发的内存池.ilk
c:\users\asus\desktop\bite (1)\从零实现高并发的内存池\debug\从零实现高并发的内存池.exe
c:\users\asus\desktop\bite (1)\从零实现高并发的内存池\debug\从零实现高并发的内存池.pdb
c:\users\asus\desktop\bite (1)\从零实现高并发的内存池\从零实现高并发的内存池\debug\从零实现高并发的内存池.tlog\cl.command.1.tlog
c:\users\asus\desktop\bite (1)\从零实现高并发的内存池\从零实现高并发的内存池\debug\从零实现高并发的内存池.tlog\cl.read.1.tlog
c:\users\asus\desktop\bite (1)\从零实现高并发的内存池\从零实现高并发的内存池\debug\从零实现高并发的内存池.tlog\cl.write.1.tlog
c:\users\asus\desktop\bite (1)\从零实现高并发的内存池\从零实现高并发的内存池\debug\从零实现高并发的内存池.tlog\link.6192-cvtres.read.1.tlog
c:\users\asus\desktop\bite (1)\从零实现高并发的内存池\从零实现高并发的内存池\debug\从零实现高并发的内存池.tlog\link.6192-cvtres.write.1.tlog
c:\users\asus\desktop\bite (1)\从零实现高并发的内存池\从零实现高并发的内存池\debug\从零实现高并发的内存池.tlog\link.6192-rc.read.1.tlog
c:\users\asus\desktop\bite (1)\从零实现高并发的内存池\从零实现高并发的内存池\debug\从零实现高并发的内存池.tlog\link.6192-rc.write.1.tlog
c:\users\asus\desktop\bite (1)\从零实现高并发的内存池\从零实现高并发的内存池\debug\从零实现高并发的内存池.tlog\link.6192.read.1.tlog
c:\users\asus\desktop\bite (1)\从零实现高并发的内存池\从零实现高并发的内存池\debug\从零实现高并发的内存池.tlog\link.6192.write.1.tlog
c:\users\asus\desktop\bite (1)\从零实现高并发的内存池\从零实现高并发的内存池\debug\从零实现高并发的内存池.tlog\link.command.1.tlog
c:\users\asus\desktop\bite (1)\从零实现高并发的内存池\从零实现高并发的内存池\debug\从零实现高并发的内存池.tlog\link.read.1.tlog
c:\users\asus\desktop\bite (1)\从零实现高并发的内存池\从零实现高并发的内存池\debug\从零实现高并发的内存池.tlog\link.write.1.tlog
